Traceback (most recent call last):
  File "C:\Program Files\Vectorworks 2019 NL\interiorcad\Python\interiorcad.zip\interiorcad\backend\datatracker\exporthelper.py", line 64, in createExportPathFromConfigurationWithDictionary
KeyError: 'DocumentName'

The above exception was the direct cause of the following exception:

Traceback (most recent call last):
  File "<string>", line 10, in <module>
  File "C:\Program Files\Vectorworks 2019 NL\interiorcad\Python\lib\runpy.py", line 254, in run_path
    pkg_name=pkg_name, script_name=fname)
  File "C:\Program Files\Vectorworks 2019 NL\interiorcad\Python\lib\runpy.py", line 96, in _run_module_code
    mod_name, mod_spec, pkg_name, script_name)
  File "C:\Program Files\Vectorworks 2019 NL\interiorcad\Python\lib\runpy.py", line 85, in _run_code
    exec(code, run_globals)
  File "C:\Program Files\Vectorworks 2019 NL\interiorcad\Python\exportstarter\ncexport\woodWOP 4+.py", line 22, in <module>
    export = WoodWOPExport()
  File "C:\Program Files\Vectorworks 2019 NL\interiorcad\Python\exportstarter\ncexport\woodWOP 4+.py", line 19, in __init__
    super().__init__()
  File "C:\Program Files\Vectorworks 2019 NL\interiorcad\Python\interiorcad.zip\interiorcad\ncexport\woodwop.py", line 69, in __init__
  File "C:\Program Files\Vectorworks 2019 NL\interiorcad\Python\interiorcad.zip\interiorcad\ncexport\base.py", line 101, in __init__
  File "C:\Program Files\Vectorworks 2019 NL\interiorcad\Python\interiorcad.zip\interiorcad\ncexport\base.py", line 271, in initLogging
  File "C:\Program Files\Vectorworks 2019 NL\interiorcad\Python\interiorcad.zip\interiorcad\backend\datatracker\exporthelper.py", line 181, in createExportPathWithoutWorkpiece
  File "C:\Program Files\Vectorworks 2019 NL\interiorcad\Python\interiorcad.zip\interiorcad\backend\datatracker\exporthelper.py", line 141, in createExportPathForCustomPart
  File "C:\Program Files\Vectorworks 2019 NL\interiorcad\Python\interiorcad.zip\interiorcad\backend\datatracker\exporthelper.py", line 68, in createExportPathFromConfigurationWithDictionary
KeyError: "De placeholder 'DocumentName' van de submap in het exportpad is foutief! Geldige placeholders: ('CabinetName', 'DocumentDir', 'SideName', 'DesktopDir', 'HomeDir', 'PartName', 'SideNameNesting', 'ISODate', 'PositionNumber', 'ISODateTime', 'Material', 'ISOTime', 'TempDir', 'FreeDateTime')"
